# JRE version: OpenJDK Runtime Environment (8.0_152-b02) (build 1.8.0_152-release-1024-b02)
# Java VM: OpenJDK 64-Bit Server VM (25.152-b02 mixed mode windows-amd64 compressed oops)
Heap:
 PSYoungGen      total 210944K, used 132926K [0x00000000e0000000, 0x00000000f4b80000, 0x0000000100000000)
  eden space 193536K, 68% used [0x00000000e0000000,0x00000000e81cf800,0x00000000ebd00000)
  from space 17408K, 0% used [0x00000000ebd00000,0x00000000ebd00000,0x00000000ece00000)
  to   space 25600K, 0% used [0x00000000f3280000,0x00000000f3280000,0x00000000f4b80000)
 ParOldGen       total 220160K, used 41201K [0x00000000a0000000, 0x00000000ad700000, 0x00000000e0000000)
  object space 220160K, 18% used [0x00000000a0000000,0x00000000a283c4d8,0x00000000ad700000)
 Metaspace       used 59853K, capacity 62246K, committed 62424K, reserved 1103872K
  class space    used 7858K, capacity 8423K, committed 8448K, reserved 1048576K
GC Heap History (10 events):
Event: 7.036 GC heap before
{Heap before GC invocations=6 (full 1):
 PSYoungGen      total 121856K, used 101659K [0x00000000e0000000, 0x00000000e9180000, 0x0000000100000000)
  eden space 114688K, 82% used [0x00000000e0000000,0x00000000e5cbfa50,0x00000000e7000000)
  from space 7168K, 93% used [0x00000000e8a80000,0x00000000e9107590,0x00000000e9180000)
  to   space 10752K, 0% used [0x00000000e7c80000,0x00000000e7c80000,0x00000000e8700000)
 ParOldGen       total 90624K, used 6851K [0x00000000a0000000, 0x00000000a5880000, 0x00000000e0000000)
  object space 90624K, 7% used [0x00000000a0000000,0x00000000a06b0e18,0x00000000a5880000)
 Metaspace       used 34584K, capacity 35316K, committed 35416K, reserved 1079296K
  class space    used 4702K, capacity 4975K, committed 4992K, reserved 1048576K
Event: 7.044 GC heap after
Heap after GC invocations=6 (full 1):
 PSYoungGen      total 138240K, used 10724K [0x00000000e0000000, 0x00000000ee000000, 0x0000000100000000)
  eden space 127488K, 0% used [0x00000000e0000000,0x00000000e0000000,0x00000000e7c80000)
  from space 10752K, 99% used [0x00000000e7c80000,0x00000000e86f9320,0x00000000e8700000)
  to   space 15872K, 0% used [0x00000000ed080000,0x00000000ed080000,0x00000000ee000000)
 ParOldGen       total 90624K, used 9691K [0x00000000a0000000, 0x00000000a5880000, 0x00000000e0000000)
  object space 90624K, 10% used [0x00000000a0000000,0x00000000a0976dc0,0x00000000a5880000)
 Metaspace       used 34584K, capacity 35316K, committed 35416K, reserved 1079296K
  class space    used 4702K, capacity 4975K, committed 4992K, reserved 1048576K
}
Event: 7.044 GC heap before
{Heap before GC invocations=7 (full 2):
 PSYoungGen      total 138240K, used 10724K [0x00000000e0000000, 0x00000000ee000000, 0x0000000100000000)
  eden space 127488K, 0% used [0x00000000e0000000,0x00000000e0000000,0x00000000e7c80000)
  from space 10752K, 99% used [0x00000000e7c80000,0x00000000e86f9320,0x00000000e8700000)
  to   space 15872K, 0% used [0x00000000ed080000,0x00000000ed080000,0x00000000ee000000)
 ParOldGen       total 90624K, used 9691K [0x00000000a0000000, 0x00000000a5880000, 0x00000000e0000000)
  object space 90624K, 10% used [0x00000000a0000000,0x00000000a0976dc0,0x00000000a5880000)
 Metaspace       used 34584K, capacity 35316K, committed 35416K, reserved 1079296K
  class space    used 4702K, capacity 4975K, committed 4992K, reserved 1048576K
Event: 7.080 GC heap after
Heap after GC invocations=7 (full 2):
 PSYoungGen      total 138240K, used 0K [0x00000000e0000000, 0x00000000ee000000, 0x0000000100000000)
  eden space 127488K, 0% used [0x00000000e0000000,0x00000000e0000000,0x00000000e7c80000)
  from space 10752K, 0% used [0x00000000e7c80000,0x00000000e7c80000,0x00000000e8700000)
  to   space 15872K, 0% used [0x00000000ed080000,0x00000000ed080000,0x00000000ee000000)
 ParOldGen       total 145920K, used 19480K [0x00000000a0000000, 0x00000000a8e80000, 0x00000000e0000000)
  object space 145920K, 13% used [0x00000000a0000000,0x00000000a13060a0,0x00000000a8e80000)
 Metaspace       used 34550K, capacity 35196K, committed 35416K, reserved 1079296K
  class space    used 4692K, capacity 4935K, committed 4992K, reserved 1048576K
}
Event: 8.018 GC heap before
{Heap before GC invocations=8 (full 2):
 PSYoungGen      total 138240K, used 127488K [0x00000000e0000000, 0x00000000ee000000, 0x0000000100000000)
  eden space 127488K, 100% used [0x00000000e0000000,0x00000000e7c80000,0x00000000e7c80000)
  from space 10752K, 0% used [0x00000000e7c80000,0x00000000e7c80000,0x00000000e8700000)
  to   space 15872K, 0% used [0x00000000ed080000,0x00000000ed080000,0x00000000ee000000)
 ParOldGen       total 145920K, used 19480K [0x00000000a0000000, 0x00000000a8e80000, 0x00000000e0000000)
  object space 145920K, 13% used [0x00000000a0000000,0x00000000a13060a0,0x00000000a8e80000)
 Metaspace       used 42178K, capacity 43150K, committed 43352K, reserved 1087488K
  class space    used 5673K, capacity 5997K, committed 6016K, reserved 1048576K
Event: 8.035 GC heap after
Heap after GC invocations=8 (full 2):
 PSYoungGen      total 208384K, used 13726K [0x00000000e0000000, 0x00000000edf00000, 0x0000000100000000)
  eden space 193536K, 0% used [0x00000000e0000000,0x00000000e0000000,0x00000000ebd00000)
  from space 14848K, 92% used [0x00000000ed080000,0x00000000edde79b8,0x00000000edf00000)
  to   space 17408K, 0% used [0x00000000ebd00000,0x00000000ebd00000,0x00000000ece00000)
 ParOldGen       total 145920K, used 19488K [0x00000000a0000000, 0x00000000a8e80000, 0x00000000e0000000)
  object space 145920K, 13% used [0x00000000a0000000,0x00000000a13080a0,0x00000000a8e80000)
 Metaspace       used 42178K, capacity 43150K, committed 43352K, reserved 1087488K
  class space    used 5673K, capacity 5997K, committed 6016K, reserved 1048576K
}
Event: 10.361 GC heap before
{Heap before GC invocations=9 (full 2):
 PSYoungGen      total 208384K, used 206653K [0x00000000e0000000, 0x00000000edf00000, 0x0000000100000000)
  eden space 193536K, 99% used [0x00000000e0000000,0x00000000ebc67ce8,0x00000000ebd00000)
  from space 14848K, 92% used [0x00000000ed080000,0x00000000edde79b8,0x00000000edf00000)
  to   space 17408K, 0% used [0x00000000ebd00000,0x00000000ebd00000,0x00000000ece00000)
 ParOldGen       total 145920K, used 19488K [0x00000000a0000000, 0x00000000a8e80000, 0x00000000e0000000)
  object space 145920K, 13% used [0x00000000a0000000,0x00000000a13080a0,0x00000000a8e80000)
 Metaspace       used 56914K, capacity 58952K, committed 58968K, reserved 1099776K
  class space    used 7566K, capacity 8055K, committed 8064K, reserved 1048576K
Event: 10.380 GC heap after
Heap after GC invocations=9 (full 2):
 PSYoungGen      total 210944K, used 17401K [0x00000000e0000000, 0x00000000f4b80000, 0x0000000100000000)
  eden space 193536K, 0% used [0x00000000e0000000,0x00000000e0000000,0x00000000ebd00000)
  from space 17408K, 99% used [0x00000000ebd00000,0x00000000ecdfe588,0x00000000ece00000)
  to   space 25600K, 0% used [0x00000000f3280000,0x00000000f3280000,0x00000000f4b80000)
 ParOldGen       total 145920K, used 30824K [0x00000000a0000000, 0x00000000a8e80000, 0x00000000e0000000)
  object space 145920K, 21% used [0x00000000a0000000,0x00000000a1e1a280,0x00000000a8e80000)
 Metaspace       used 56914K, capacity 58952K, committed 58968K, reserved 1099776K
  class space    used 7566K, capacity 8055K, committed 8064K, reserved 1048576K
}
Event: 10.380 GC heap before
{Heap before GC invocations=10 (full 3):
 PSYoungGen      total 210944K, used 17401K [0x00000000e0000000, 0x00000000f4b80000, 0x0000000100000000)
  eden space 193536K, 0% used [0x00000000e0000000,0x00000000e0000000,0x00000000ebd00000)
  from space 17408K, 99% used [0x00000000ebd00000,0x00000000ecdfe588,0x00000000ece00000)
  to   space 25600K, 0% used [0x00000000f3280000,0x00000000f3280000,0x00000000f4b80000)
 ParOldGen       total 145920K, used 30824K [0x00000000a0000000, 0x00000000a8e80000, 0x00000000e0000000)
  object space 145920K, 21% used [0x00000000a0000000,0x00000000a1e1a280,0x00000000a8e80000)
 Metaspace       used 56914K, capacity 58952K, committed 58968K, reserved 1099776K
  class space    used 7566K, capacity 8055K, committed 8064K, reserved 1048576K
Event: 10.513 GC heap after
Heap after GC invocations=10 (full 3):
 PSYoungGen      total 210944K, used 0K [0x00000000e0000000, 0x00000000f4b80000, 0x0000000100000000)
  eden space 193536K, 0% used [0x00000000e0000000,0x00000000e0000000,0x00000000ebd00000)
  from space 17408K, 0% used [0x00000000ebd00000,0x00000000ebd00000,0x00000000ece00000)
  to   space 25600K, 0% used [0x00000000f3280000,0x00000000f3280000,0x00000000f4b80000)
 ParOldGen       total 220160K, used 41201K [0x00000000a0000000, 0x00000000ad700000, 0x00000000e0000000)
  object space 220160K, 18% used [0x00000000a0000000,0x00000000a283c4d8,0x00000000ad700000)
 Metaspace       used 56914K, capacity 58952K, committed 58968K, reserved 1099776K
  class space    used 7566K, capacity 8055K, committed 8064K, reserved 1048576K
}

